#
# A fatal error has been detected by the Java Runtime Environment:
#
#  Internal Error (javaClasses.cpp:129), pid=3588, tid=3732
#  fatal error: Invalid layout of preloaded class
#
# JRE version: 7.0_11-b21
# Java VM: Java HotSpot(TM) 64-Bit Server VM (23.6-b04 mixed mode windows-amd64 compressed oops)
# Failed to write core dump. Minidumps are not enabled by default on client versions of Windows
#
# If you would like to submit a bug report, please visit:
#   http://bugreport.sun.com/bugreport/crash.jsp
#

---------------  T H R E A D  ---------------

Current thread (0x00000000005fd800):  JavaThread "Unknown thread" [_thread_in_vm, id=3732, stack(0x0000000001ea0000,0x0000000001fa0000)]

Stack: [0x0000000001ea0000,0x0000000001fa0000]

---------------  P R O C E S S  ---------------

Java Threads: ( => current thread )

Other Threads:

=>0x00000000005fd800 (exited) JavaThread "Unknown thread" [_thread_in_vm, id=3732, stack(0x0000000001ea0000,0x0000000001fa0000)]

VM state:not at safepoint (not fully initialized)

VM Mutex/Monitor currently owned by a thread: None

GC Heap History (0 events):
No events

Deoptimization events (0 events):
No events

Internal exceptions (0 events):
No events

Events (10 events):
Event: 0.011 loading class 0x0000000001faa8b0 done
Event: 0.011 loading class 0x0000000001fb8d00 done
Event: 0.011 loading class 0x0000000001fb8ca0
Event: 0.011 loading class 0x000000001b63eaa0
Event: 0.011 loading class 0x000000001b63eaa0 done
Event: 0.011 loading class 0x000000001b63e860
Event: 0.011 loading class 0x000000001b63e860 done
Event: 0.011 loading class 0x0000000002048180
Event: 0.011 loading class 0x0000000002048180 done
Event: 0.011 loading class 0x0000000001fb8ca0 done


Dynamic libraries:
0x00007ff7e5400000 - 0x00007ff7e5433000 	C:\Program Files\Java\jre7\bin\javaw.exe
0x00007ffe179c0000 - 0x00007ffe17b6a000 	C:\WINDOWS\SYSTEM32\ntdll.dll
0x00007ffe17780000 - 0x00007ffe178ba000 	C:\WINDOWS\system32\KERNEL32.DLL
0x00007ffe15110000 - 0x00007ffe1521f000 	C:\WINDOWS\system32\KERNELBASE.dll
0x00007ffe12f00000 - 0x00007ffe12f88000 	C:\WINDOWS\system32\apphelp.dll
0x00007ffe07fa0000 - 0x00007ffe07fef000 	C:\WINDOWS\AppPatch\AppPatch64\AcGenral.DLL
0x00007ffe173a0000 - 0x00007ffe17447000 	C:\WINDOWS\system32\msvcrt.dll
0x00007ffe14af0000 - 0x00007ffe14b1b000 	C:\WINDOWS\SYSTEM32\SspiCli.dll
0x00007ffe176d0000 - 0x00007ffe17721000 	C:\WINDOWS\system32\SHLWAPI.dll
0x00007ffe16a60000 - 0x00007ffe16bd1000 	C:\WINDOWS\system32\USER32.dll
0x00007ffe170d0000 - 0x00007ffe17248000 	C:\WINDOWS\system32\ole32.dll
0x00007ffe15640000 - 0x00007ffe16a60000 	C:\WINDOWS\system32\SHELL32.dll
0x00007ffe13fd0000 - 0x00007ffe13fee000 	C:\WINDOWS\SYSTEM32\USERENV.dll
0x00007ffe17450000 - 0x00007ffe174f5000 	C:\WINDOWS\system32\ADVAPI32.dll
0x00007ffe08260000 - 0x00007ffe0827b000 	C:\WINDOWS\SYSTEM32\MPR.dll
0x00007ffe15220000 - 0x00007ffe15356000 	C:\WINDOWS\system32\RPCRT4.dll
0x00007ffe17960000 - 0x00007ffe179b7000 	C:\WINDOWS\SYSTEM32\sechost.dll
0x00007ffe16d00000 - 0x00007ffe16ed6000 	C:\WINDOWS\SYSTEM32\combase.dll
0x00007ffe154f0000 - 0x00007ffe15634000 	C:\WINDOWS\system32\GDI32.dll
0x00007ffe14d10000 - 0x00007ffe14d24000 	C:\WINDOWS\SYSTEM32\profapi.dll
0x00007ffe14390000 - 0x00007ffe1442f000 	C:\WINDOWS\SYSTEM32\SHCORE.dll
0x00007ffe17730000 - 0x00007ffe17764000 	C:\WINDOWS\system32\IMM32.DLL
0x00007ffe17260000 - 0x00007ffe17399000 	C:\WINDOWS\system32\MSCTF.dll
0x00007ffe14670000 - 0x00007ffe148ca000 	C:\WINDOWS\WinSxS\amd64_microsoft.windows.common-controls_6595b64144ccf1df_6.0.9600.17031_none_6242a4b3ecbb55a1\COMCTL32.dll
0x000000006fed0000 - 0x000000006ffa1000 	C:\Program Files\Java\jre7\bin\msvcr100.dll
0x000000006f7b0000 - 0x000000006fecf000 	C:\Program Files\Java\jre7\bin\server\jvm.dll
0x00007ffe0d750000 - 0x00007ffe0d759000 	C:\WINDOWS\SYSTEM32\WSOCK32.dll
0x00007ffe12140000 - 0x00007ffe1215f000 	C:\WINDOWS\SYSTEM32\WINMM.dll
0x00007ffe17770000 - 0x00007ffe17777000 	C:\WINDOWS\system32\PSAPI.DLL
0x00007ffe15470000 - 0x00007ffe154c8000 	C:\WINDOWS\system32\WS2_32.dll
0x00007ffe12060000 - 0x00007ffe1208a000 	C:\WINDOWS\SYSTEM32\WINMMBASE.dll
0x00007ffe17250000 - 0x00007ffe17259000 	C:\WINDOWS\system32\NSI.dll
0x00007ffe15070000 - 0x00007ffe150ba000 	C:\WINDOWS\SYSTEM32\cfgmgr32.dll
0x00007ffe13180000 - 0x00007ffe131a6000 	C:\WINDOWS\SYSTEM32\DEVOBJ.dll
0x0000000070ee0000 - 0x0000000070eef000 	C:\Program Files\Java\jre7\bin\verify.dll
0x000000006f780000 - 0x000000006f7a8000 	C:\Program Files\Java\jre7\bin\java.dll
0x000000006f760000 - 0x000000006f775000 	C:\Program Files\Java\jre7\bin\zip.dll

VM Arguments:
jvm_args: -Dfile.encoding=Cp1252 -Xbootclasspath:C:\Users\dan\Desktop\adt-bundle-windows-x86_64-20140321\sdk\platforms\android-19\android.jar 
java_command: com.example.gt_coc_studentevents.JsonParser
Launcher Type: SUN_STANDARD

Environment Variables:
CLASSPATH=.;C:\Program Files (x86)\Java\jre7\lib\ext\QTJava.zip
PATH=C:\Program Files (x86)\NVIDIA Corporation\PhysX\Common;C:\Program Files\Common Files\Microsoft Shared\Windows Live;C:\WINDOWS\system32;C:\WINDOWS;C:\WINDOWS\System32\Wbem;C:\WINDOWS\System32\WindowsPowerShell\v1.0\;C:\Program Files\Java\jdk1.7.0_05\bin;c:\altera\91sp2\quartus\bin;C:\Program Files (x86)\QuickTime\QTSystem\;C:\Program Files (x86)\Windows Live\Shared;C:\Program Files\MiKTeX 2.9\miktex\bin\x64\;C:\Python27;C:\Program Files\Common Files\Microsoft Shared\Windows Live
USERNAME=dan
OS=Windows_NT
PROCESSOR_IDENTIFIER=Intel64 Family 6 Model 60 Stepping 3, GenuineIntel



---------------  S Y S T E M  ---------------

OS: Windows 8 , 64 bit Build 9200 

CPU:total 8 (4 cores per cpu, 2 threads per core) family 6 model 60 stepping 3, cmov, cx8, fxsr, mmx, sse, sse2, sse3, ssse3, sse4.1, sse4.2, popcnt, avx, avx2, ht, tsc, tscinvbit

Memory: 4k page, physical 33490640k(20427228k free), swap 50267856k(35545152k free)

vm_info: Java HotSpot(TM) 64-Bit Server VM (23.6-b04) for windows-amd64 JRE (1.7.0_11-b21), built on Jan 12 2013 02:38:42 by "java_re" with unknown MS VC++:1600

time: Fri Jun 27 18:58:15 2014
elapsed time: 0 seconds

