#
# A fatal error has been detected by the Java Runtime Environment:
#
#  Internal Error (javaClasses.cpp:129), pid=16664, tid=12708
#  fatal error: Invalid layout of preloaded class
#
# JRE version: 7.0_11-b21
# Java VM: Java HotSpot(TM) 64-Bit Server VM (23.6-b04 mixed mode windows-amd64 compressed oops)
# Failed to write core dump. Minidumps are not enabled by default on client versions of Windows
#
# If you would like to submit a bug report, please visit:
#   http://bugreport.sun.com/bugreport/crash.jsp
#

---------------  T H R E A D  ---------------

Current thread (0x000000000218d800):  JavaThread "Unknown thread" [_thread_in_vm, id=12708, stack(0x0000000002190000,0x0000000002290000)]

Stack: [0x0000000002190000,0x0000000002290000]

---------------  P R O C E S S  ---------------

Java Threads: ( => current thread )

Other Threads:

=>0x000000000218d800 (exited) JavaThread "Unknown thread" [_thread_in_vm, id=12708, stack(0x0000000002190000,0x0000000002290000)]

VM state:not at safepoint (not fully initialized)

VM Mutex/Monitor currently owned by a thread: None

GC Heap History (0 events):
No events

Deoptimization events (0 events):
No events

Internal exceptions (0 events):
No events

Events (10 events):
Event: 0.007 loading class 0x000000000229a730 done
Event: 0.008 loading class 0x00000000022a8a60 done
Event: 0.008 loading class 0x00000000022a8e50
Event: 0.008 loading class 0x000000001b9ee7e0
Event: 0.008 loading class 0x000000001b9ee7e0 done
Event: 0.008 loading class 0x000000001b9ee6e0
Event: 0.008 loading class 0x000000001b9ee6e0 done
Event: 0.008 loading class 0x0000000002337b20
Event: 0.008 loading class 0x0000000002337b20 done
Event: 0.008 loading class 0x00000000022a8e50 done


Dynamic libraries:
0x00007ff61f510000 - 0x00007ff61f543000 	C:\Program Files\Java\jre7\bin\javaw.exe
0x00007ffbcb8d0000 - 0x00007ffbcba7a000 	C:\WINDOWS\SYSTEM32\ntdll.dll
0x00007ffbcb550000 - 0x00007ffbcb68a000 	C:\WINDOWS\system32\KERNEL32.DLL
0x00007ffbc8e40000 - 0x00007ffbc8f4f000 	C:\WINDOWS\system32\KERNELBASE.dll
0x00007ffbc7850000 - 0x00007ffbc78d8000 	C:\WINDOWS\system32\apphelp.dll
0x00007ffbbf280000 - 0x00007ffbbf2cf000 	C:\WINDOWS\AppPatch\AppPatch64\AcGenral.DLL
0x00007ffbc93a0000 - 0x00007ffbc9447000 	C:\WINDOWS\system32\msvcrt.dll
0x00007ffbc8a00000 - 0x00007ffbc8a2b000 	C:\WINDOWS\SYSTEM32\SspiCli.dll
0x00007ffbc9190000 - 0x00007ffbc91e1000 	C:\WINDOWS\system32\SHLWAPI.dll
0x00007ffbcb320000 - 0x00007ffbcb491000 	C:\WINDOWS\system32\USER32.dll
0x00007ffbcac60000 - 0x00007ffbcadd8000 	C:\WINDOWS\system32\ole32.dll
0x00007ffbc9840000 - 0x00007ffbcac60000 	C:\WINDOWS\system32\SHELL32.dll
0x00007ffbc8230000 - 0x00007ffbc824e000 	C:\WINDOWS\SYSTEM32\USERENV.dll
0x00007ffbcb4a0000 - 0x00007ffbcb545000 	C:\WINDOWS\system32\ADVAPI32.dll
0x00007ffbb9320000 - 0x00007ffbb933b000 	C:\WINDOWS\SYSTEM32\MPR.dll
0x00007ffbcaea0000 - 0x00007ffbcafd6000 	C:\WINDOWS\system32\RPCRT4.dll
0x00007ffbc97e0000 - 0x00007ffbc9837000 	C:\WINDOWS\SYSTEM32\sechost.dll
0x00007ffbc9590000 - 0x00007ffbc9766000 	C:\WINDOWS\SYSTEM32\combase.dll
0x00007ffbcb780000 - 0x00007ffbcb8c4000 	C:\WINDOWS\system32\GDI32.dll
0x00007ffbc8c20000 - 0x00007ffbc8c34000 	C:\WINDOWS\SYSTEM32\profapi.dll
0x00007ffbc74f0000 - 0x00007ffbc758f000 	C:\WINDOWS\SYSTEM32\SHCORE.dll
0x00007ffbcb740000 - 0x00007ffbcb774000 	C:\WINDOWS\system32\IMM32.DLL
0x00007ffbc9450000 - 0x00007ffbc9589000 	C:\WINDOWS\system32\MSCTF.dll
0x00007ffbc69f0000 - 0x00007ffbc6c4a000 	C:\WINDOWS\WinSxS\amd64_microsoft.windows.common-controls_6595b64144ccf1df_6.0.9600.17031_none_6242a4b3ecbb55a1\COMCTL32.dll
0x00000000647a0000 - 0x0000000064871000 	C:\Program Files\Java\jre7\bin\msvcr100.dll
0x0000000063d80000 - 0x000000006449f000 	C:\Program Files\Java\jre7\bin\server\jvm.dll
0x00007ffbc0c00000 - 0x00007ffbc0c09000 	C:\WINDOWS\SYSTEM32\WSOCK32.dll
0x00007ffbc4fe0000 - 0x00007ffbc4fff000 	C:\WINDOWS\SYSTEM32\WINMM.dll
0x00007ffbcb000000 - 0x00007ffbcb007000 	C:\WINDOWS\system32\PSAPI.DLL
0x00007ffbc9770000 - 0x00007ffbc97c8000 	C:\WINDOWS\system32\WS2_32.dll
0x00007ffbc4c80000 - 0x00007ffbc4caa000 	C:\WINDOWS\SYSTEM32\WINMMBASE.dll
0x00007ffbcb210000 - 0x00007ffbcb219000 	C:\WINDOWS\system32\NSI.dll
0x00007ffbc8cf0000 - 0x00007ffbc8d3a000 	C:\WINDOWS\SYSTEM32\cfgmgr32.dll
0x00007ffbc7ad0000 - 0x00007ffbc7af6000 	C:\WINDOWS\SYSTEM32\DEVOBJ.dll
0x0000000064790000 - 0x000000006479f000 	C:\Program Files\Java\jre7\bin\verify.dll
0x0000000064760000 - 0x0000000064788000 	C:\Program Files\Java\jre7\bin\java.dll
0x0000000064740000 - 0x0000000064755000 	C:\Program Files\Java\jre7\bin\zip.dll

VM Arguments:
jvm_args: -Dfile.encoding=Cp1252 -Xbootclasspath:C:\Users\dan\Desktop\adt-bundle-windows-x86_64-20140321\sdk\platforms\android-19\android.jar 
java_command: com.example.gt_coc_studentevents.DatabaseConnector
Launcher Type: SUN_STANDARD

Environment Variables:
CLASSPATH=.;C:\Program Files (x86)\Java\jre7\lib\ext\QTJava.zip
PATH=C:\Program Files (x86)\NVIDIA Corporation\PhysX\Common;C:\Program Files\Common Files\Microsoft Shared\Windows Live;C:\WINDOWS\system32;C:\WINDOWS;C:\WINDOWS\System32\Wbem;C:\WINDOWS\System32\WindowsPowerShell\v1.0\;C:\Program Files\Java\jdk1.7.0_05\bin;c:\altera\91sp2\quartus\bin;C:\Program Files (x86)\QuickTime\QTSystem\;C:\Program Files (x86)\Windows Live\Shared;C:\Program Files\MiKTeX 2.9\miktex\bin\x64\;C:\Python27;C:\Program Files\Common Files\Microsoft Shared\Windows Live
USERNAME=dan
OS=Windows_NT
PROCESSOR_IDENTIFIER=Intel64 Family 6 Model 60 Stepping 3, GenuineIntel



---------------  S Y S T E M  ---------------

OS: Windows 8 , 64 bit Build 9200 

CPU:total 8 (4 cores per cpu, 2 threads per core) family 6 model 60 stepping 3, cmov, cx8, fxsr, mmx, sse, sse2, sse3, ssse3, sse4.1, sse4.2, popcnt, avx, avx2, ht, tsc, tscinvbit

Memory: 4k page, physical 33490640k(26705268k free), swap 50267856k(41414164k free)

vm_info: Java HotSpot(TM) 64-Bit Server VM (23.6-b04) for windows-amd64 JRE (1.7.0_11-b21), built on Jan 12 2013 02:38:42 by "java_re" with unknown MS VC++:1600

time: Mon Jun 16 16:53:11 2014
elapsed time: 0 seconds

